<?xml version="1.0" encoding="UTF-8"?>
<!-- Generated by org.testng.reporters.JUnitReportReporter -->
<testsuite hostname="DESKTOP-QUMESAL" failures="0" tests="3" name="ignoreannopack.ClassA" time="0.035" errors="0" timestamp="2022-12-17T18:02:01 IST" skipped="0">
  <testcase classname="ignoreannopack.ClassA" name="methodAone" time="0.022"/>
  <system-out/>
  <testcase classname="ignoreannopack.ClassA" name="methodAtwo" time="0.007"/>
  <system-out/>
  <testcase classname="ignoreannopack.ClassA" name="methodAthree" time="0.006"/>
  <system-out/>
</testsuite> <!-- ignoreannopack.ClassA -->
