<?xml version="1.0" encoding="UTF-8"?>
<!-- Generated by org.testng.reporters.JUnitReportReporter -->
<testsuite hostname="DESKTOP-QUMESAL" failures="0" tests="2" name="groupingtests.Register" time="0.035" errors="0" timestamp="2022-12-18T19:43:18 IST" skipped="0">
  <testcase classname="groupingtests.Register" name="registerByProvidingOnlyMandatoryFields" time="0.029"/>
  <system-out/>
  <testcase classname="groupingtests.Register" name="registerByProvidingAllFields" time="0.006"/>
  <system-out/>
</testsuite> <!-- groupingtests.Register -->
