<?xml version="1.0" encoding="UTF-8"?>
<!-- Generated by org.testng.reporters.JUnitReportReporter -->
<testsuite hostname="DESKTOP-QUMESAL" failures="0" tests="3" name="groupingtests.Login" time="0.029" errors="0" timestamp="2022-12-18T19:43:18 IST" skipped="0">
  <testcase classname="groupingtests.Login" name="loginWithValidCredentials" time="0.017"/>
  <system-out/>
  <testcase classname="groupingtests.Login" name="loginWithValidEmailAndInvalidPassword" time="0.004"/>
  <system-out/>
  <testcase classname="groupingtests.Login" name="loginWithInvalidEmailAndValidPassword" time="0.008"/>
  <system-out/>
</testsuite> <!-- groupingtests.Login -->
