<?xml version="1.0" encoding="UTF-8"?>
<!-- Generated by org.testng.reporters.JUnitReportReporter -->
<testsuite hostname="DESKTOP-QUMESAL" failures="0" tests="2" name="ignoreannopack.ClassB" time="0.011" errors="0" timestamp="2022-12-17T18:02:01 IST" skipped="0">
  <testcase classname="ignoreannopack.ClassB" name="methodBone" time="0.007"/>
  <system-out/>
  <testcase classname="ignoreannopack.ClassB" name="methodBtwo" time="0.004"/>
  <system-out/>
</testsuite> <!-- ignoreannopack.ClassB -->
