<?xml version="1.0" encoding="UTF-8"?>
<!-- Generated by org.testng.reporters.JUnitReportReporter -->
<testsuite hostname="DESKTOP-QUMESAL" failures="0" tests="1" name="groupingtests.Search" time="0.005" errors="0" timestamp="2022-12-18T19:43:18 IST" skipped="0">
  <testcase classname="groupingtests.Search" name="searchWithoutAnyProduct" time="0.005"/>
  <system-out/>
</testsuite> <!-- groupingtests.Search -->
